<?xml version="1.0" encoding="UTF-8"?>
<robot generator="Robot 3.0.4 (Python 3.7.0 on win32)" generated="20181022 09:12:25.044">
<suite id="s1" name="seleniumLibrary" source="C:\pythonworkspace\RF\seleniumLibrary.txt">
<test id="s1-t1" name="Demo Login">
<kw name="User Login">
<kw name="Open Browser" library="Selenium2Library">
<doc>Opens a new browser instance to the given ``url``.</doc>
<arguments>
<arg>${login url}</arg>
<arg>${browser}</arg>
</arguments>
<msg timestamp="20181022 09:12:25.259" level="INFO">Opening browser 'chrome' to base url 'http://203.110.166.228:8001/'.</msg>
<status status="PASS" starttime="20181022 09:12:25.258" endtime="20181022 09:12:28.287"></status>
</kw>
<kw name="Sleep" library="BuiltIn">
<doc>Pauses the test executed for the given time.</doc>
<arguments>
<arg>1</arg>
</arguments>
<msg timestamp="20181022 09:12:29.294" level="INFO">Slept 1 second</msg>
<status status="PASS" starttime="20181022 09:12:28.287" endtime="20181022 09:12:29.294"></status>
</kw>
<kw name="Maximize Browser Window" library="Selenium2Library">
<doc>Maximizes current browser window.</doc>
<status status="PASS" starttime="20181022 09:12:29.294" endtime="20181022 09:12:30.421"></status>
</kw>
<kw name="Sleep" library="BuiltIn">
<doc>Pauses the test executed for the given time.</doc>
<arguments>
<arg>1</arg>
</arguments>
<msg timestamp="20181022 09:12:31.426" level="INFO">Slept 1 second</msg>
<status status="PASS" starttime="20181022 09:12:30.421" endtime="20181022 09:12:31.426"></status>
</kw>
<kw name="Wait Until Page Contains Element" library="Selenium2Library">
<doc>Waits until element ``locator`` appears on current page.</doc>
<arguments>
<arg>xpath=${log_button}</arg>
<arg>5</arg>
<arg>'元素未正常显示'</arg>
</arguments>
<status status="PASS" starttime="20181022 09:12:31.426" endtime="20181022 09:12:31.443"></status>
</kw>
<kw name="Click Element" library="Selenium2Library">
<doc>Click element identified by ``locator``.</doc>
<arguments>
<arg>xpath=${log_button}</arg>
</arguments>
<msg timestamp="20181022 09:12:31.444" level="INFO">Clicking element 'xpath=//*[@id="dataHead"]/ul[2]/li/a[1]'.</msg>
<status status="PASS" starttime="20181022 09:12:31.444" endtime="20181022 09:12:31.598"></status>
</kw>
<kw name="Sleep" library="BuiltIn">
<doc>Pauses the test executed for the given time.</doc>
<arguments>
<arg>1</arg>
</arguments>
<msg timestamp="20181022 09:12:32.608" level="INFO">Slept 1 second</msg>
<status status="PASS" starttime="20181022 09:12:31.599" endtime="20181022 09:12:32.609"></status>
</kw>
<kw name="Select Frame" library="Selenium2Library">
<doc>Sets frame identified by ``locator`` as the current frame.</doc>
<arguments>
<arg>xpath=//*[@id="fg-layer-iframe1"]</arg>
</arguments>
<msg timestamp="20181022 09:12:32.610" level="INFO">Selecting frame 'xpath=//*[@id="fg-layer-iframe1"]'.</msg>
<status status="PASS" starttime="20181022 09:12:32.610" endtime="20181022 09:12:32.655"></status>
</kw>
<kw name="Input Text" library="Selenium2Library">
<doc>Types the given ``text`` into text field identified by ``locator``.</doc>
<arguments>
<arg>name=email</arg>
<arg>111@qq.com</arg>
</arguments>
<msg timestamp="20181022 09:12:32.656" level="INFO">Typing text '111@qq.com' into text field 'name=email'.</msg>
<status status="PASS" starttime="20181022 09:12:32.655" endtime="20181022 09:12:32.800"></status>
</kw>
<kw name="Sleep" library="BuiltIn">
<doc>Pauses the test executed for the given time.</doc>
<arguments>
<arg>1</arg>
</arguments>
<msg timestamp="20181022 09:12:33.807" level="INFO">Slept 1 second</msg>
<status status="PASS" starttime="20181022 09:12:32.800" endtime="20181022 09:12:33.808"></status>
</kw>
<kw name="Input Text" library="Selenium2Library">
<doc>Types the given ``text`` into text field identified by ``locator``.</doc>
<arguments>
<arg>name=password</arg>
<arg>test123</arg>
</arguments>
<msg timestamp="20181022 09:12:33.809" level="INFO">Typing text 'test123' into text field 'name=password'.</msg>
<status status="PASS" starttime="20181022 09:12:33.808" endtime="20181022 09:12:33.913"></status>
</kw>
<kw name="Sleep" library="BuiltIn">
<doc>Pauses the test executed for the given time.</doc>
<arguments>
<arg>1</arg>
</arguments>
<msg timestamp="20181022 09:12:34.927" level="INFO">Slept 1 second</msg>
<status status="PASS" starttime="20181022 09:12:33.913" endtime="20181022 09:12:34.927"></status>
</kw>
<kw name="Click Element" library="Selenium2Library">
<doc>Click element identified by ``locator``.</doc>
<arguments>
<arg>id=player</arg>
</arguments>
<msg timestamp="20181022 09:12:34.928" level="INFO">Clicking element 'id=player'.</msg>
<status status="PASS" starttime="20181022 09:12:34.928" endtime="20181022 09:12:35.056"></status>
</kw>
<kw name="Sleep" library="BuiltIn">
<doc>Pauses the test executed for the given time.</doc>
<arguments>
<arg>1</arg>
</arguments>
<msg timestamp="20181022 09:12:36.066" level="INFO">Slept 1 second</msg>
<status status="PASS" starttime="20181022 09:12:35.056" endtime="20181022 09:12:36.067"></status>
</kw>
<kw name="Close Browser" library="Selenium2Library">
<doc>Closes the current browser.</doc>
<status status="PASS" starttime="20181022 09:12:36.067" endtime="20181022 09:12:38.329"></status>
</kw>
<status status="PASS" starttime="20181022 09:12:25.258" endtime="20181022 09:12:38.329"></status>
</kw>
<status status="PASS" starttime="20181022 09:12:25.257" endtime="20181022 09:12:38.329" critical="yes"></status>
</test>
<status status="PASS" starttime="20181022 09:12:25.046" endtime="20181022 09:12:38.330"></status>
</suite>
<statistics>
<total>
<stat pass="1" fail="0">Critical Tests</stat>
<stat pass="1" fail="0">All Tests</stat>
</total>
<tag>
</tag>
<suite>
<stat pass="1" fail="0" id="s1" name="seleniumLibrary">seleniumLibrary</stat>
</suite>
</statistics>
<errors>
</errors>
</robot>
